SF:lib\src\models\FuncionalidadeModel.dart
DA:10,1
DA:19,1
DA:20,1
DA:21,1
DA:22,1
DA:23,1
DA:24,1
DA:25,1
DA:26,0
DA:27,0
DA:28,0
DA:33,1
DA:34,1
DA:35,2
DA:36,2
DA:37,2
DA:38,2
DA:39,2
DA:40,0
LF:19
LH:15
end_of_record
SF:lib\src\models\subfuncionalities_model.dart
DA:13,2
DA:22,0
DA:23,0
DA:24,0
DA:25,0
DA:26,0
DA:27,0
DA:31,2
DA:32,2
DA:33,4
DA:34,4
DA:35,4
DA:36,4
LF:13
LH:7
end_of_record
SF:lib\src\models\user_model.dart
DA:23,0
DA:42,0
DA:43,0
DA:44,0
DA:45,0
DA:46,0
DA:47,0
DA:48,0
DA:49,0
DA:50,0
DA:51,0
DA:52,0
DA:69,0
DA:70,0
DA:71,0
DA:72,0
DA:73,0
DA:74,0
DA:75,0
DA:76,0
DA:77,0
DA:78,0
DA:79,0
DA:80,0
DA:81,0
DA:82,0
DA:83,0
DA:84,0
DA:85,0
DA:86,0
DA:87,0
DA:88,0
LF:32
LH:0
end_of_record
SF:lib\src\repositories\usuario_repository.dart
DA:18,1
DA:19,2
DA:23,1
DA:24,4
DA:26,0
DA:27,0
DA:29,0
DA:31,0
DA:36,1
DA:37,1
DA:38,1
DA:42,3
DA:44,0
DA:45,0
DA:47,0
DA:48,0
DA:49,0
DA:51,0
DA:52,0
DA:54,0
DA:59,1
DA:60,4
DA:62,2
DA:63,0
DA:65,0
DA:66,0
DA:67,0
DA:68,0
DA:71,1
DA:76,0
DA:79,0
DA:80,0
DA:82,0
DA:83,0
DA:85,0
DA:88,0
DA:89,0
DA:93,1
DA:94,4
DA:96,0
DA:97,0
DA:100,0
DA:101,0
DA:102,0
DA:106,0
DA:111,0
DA:113,0
DA:115,0
DA:118,0
DA:119,0
DA:123,0
DA:124,0
DA:126,0
DA:127,0
DA:130,0
DA:131,0
DA:135,0
DA:140,0
DA:142,0
DA:143,0
DA:146,0
DA:149,0
LF:62
LH:14
end_of_record
SF:lib\src\shared\exceptions\user_exception.dart
DA:4,1
DA:6,1
DA:10,1
LF:3
LH:3
end_of_record
SF:lib\src\shared\services\gpp_api.dart
DA:16,6
DA:17,24
DA:18,12
DA:24,0
DA:25,0
DA:28,6
DA:29,6
DA:30,0
DA:32,0
DA:35,6
DA:38,6
DA:41,6
DA:43,24
DA:45,24
DA:47,12
DA:48,6
DA:49,12
DA:54,6
DA:59,3
DA:61,9
DA:62,15
DA:64,6
DA:65,2
DA:66,4
DA:70,2
DA:75,0
DA:77,0
DA:78,0
DA:83,0
DA:86,0
DA:89,0
DA:92,0
DA:95,0
DA:100,3
DA:102,9
DA:103,15
DA:106,6
DA:107,2
DA:108,4
DA:112,2
DA:117,1
DA:119,3
DA:120,4
DA:123,2
DA:124,1
DA:125,2
DA:129,1
LF:47
LH:35
end_of_record
SF:lib\src\models\PaginaModel.dart
DA:4,0
DA:9,0
DA:10,0
DA:13,0
DA:14,0
DA:17,0
DA:18,0
DA:25,0
DA:26,0
DA:33,0
DA:34,0
DA:35,0
DA:43,0
DA:44,0
DA:45,0
DA:53,0
DA:54,0
LF:17
LH:0
end_of_record
SF:lib\src\models\filial\empresa_filial_model.dart
DA:9,0
DA:15,0
DA:16,0
DA:17,0
DA:18,0
DA:20,0
DA:24,0
DA:25,0
DA:26,0
DA:27,0
LF:10
LH:0
end_of_record
SF:lib\src\models\perfil_usuario_model.dart
DA:8,0
DA:10,0
DA:11,0
DA:12,0
DA:13,0
DA:14,0
DA:15,0
DA:16,0
DA:21,0
DA:22,0
DA:23,0
DA:24,0
DA:25,0
DA:26,0
DA:27,0
LF:15
LH:0
end_of_record
SF:lib\src\models\AutenticacaoModel.dart
DA:6,0
DA:12,0
DA:13,0
DA:14,0
DA:17,0
DA:18,0
DA:19,0
DA:20,0
LF:8
LH:0
end_of_record
SF:lib\src\repositories\AutenticacaoRepository.dart
DA:17,0
DA:18,0
DA:21,0
DA:22,0
DA:24,0
DA:25,0
DA:29,0
DA:30,0
DA:31,0
DA:33,0
DA:34,0
DA:39,0
DA:44,0
DA:45,0
DA:47,0
DA:48,0
DA:50,0
LF:17
LH:0
end_of_record
SF:lib\src\controllers\menu_filial\filial_controller.dart
DA:13,0
DA:14,0
DA:16,0
DA:17,0
DA:19,0
DA:20,0
DA:23,0
DA:28,0
DA:29,0
DA:32,0
DA:33,0
LF:11
LH:0
end_of_record
SF:lib\src\models\filial\filial_model.dart
DA:8,0
DA:14,0
DA:15,0
DA:16,0
DA:17,0
DA:18,0
DA:22,0
DA:23,0
DA:25,0
DA:26,0
LF:10
LH:0
end_of_record
SF:lib\src\repositories\menu_filial\menu_filial_repository.dart
DA:13,0
DA:14,0
DA:17,0
DA:19,0
DA:21,0
DA:22,0
DA:25,0
DA:30,0
DA:31,0
DA:33,0
DA:34,0
DA:37,0
DA:38,0
DA:42,0
LF:14
LH:0
end_of_record
SF:lib\src\shared\services\auth.dart
DA:11,24
DA:13,0
DA:14,0
DA:17,0
DA:18,0
DA:21,6
DA:22,12
DA:23,12
DA:24,12
DA:27,6
DA:28,18
DA:29,12
DA:32,0
DA:33,0
DA:36,0
DA:37,0
DA:39,0
DA:40,0
DA:42,0
DA:43,0
DA:45,0
DA:48,0
DA:49,0
DA:51,0
DA:55,0
DA:56,0
DA:58,0
DA:63,0
DA:65,0
DA:66,0
DA:69,0
DA:70,0
DA:71,0
DA:72,0
DA:77,0
DA:78,0
DA:81,0
DA:82,0
DA:85,0
DA:86,0
DA:89,0
DA:90,0
DA:97,0
DA:98,0
DA:101,0
DA:102,0
DA:103,0
LF:47
LH:8
end_of_record
SF:lib\src\shared\utils\Usuario.dart
DA:3,0
LF:1
LH:0
end_of_record
SF:lib\src\controllers\responsive_controller.dart
DA:2,0
DA:3,0
DA:10,0
DA:11,0
LF:4
LH:0
end_of_record
SF:lib\src\models\ItemPedidoEntradaModel.dart
DA:11,0
DA:19,0
DA:20,0
DA:21,0
DA:22,0
DA:23,0
DA:24,0
DA:25,0
DA:29,0
DA:30,0
DA:31,0
DA:32,0
DA:33,0
DA:34,0
LF:14
LH:0
end_of_record
SF:lib\src\models\pecas_model\peca_model.dart
DA:53,0
DA:88,0
DA:89,0
DA:90,0
DA:91,0
DA:92,0
DA:93,0
DA:94,0
DA:95,0
DA:96,0
DA:97,0
DA:98,0
DA:99,0
DA:100,0
DA:101,0
DA:102,0
DA:103,0
DA:104,0
DA:109,0
DA:111,0
DA:113,0
DA:115,0
DA:116,0
DA:117,0
DA:118,0
DA:119,0
DA:122,0
DA:123,0
DA:124,0
DA:125,0
DA:126,0
DA:127,0
DA:129,0
DA:130,0
DA:131,0
DA:132,0
DA:134,0
DA:138,0
DA:139,0
DA:141,0
DA:142,0
DA:143,0
DA:144,0
DA:145,0
DA:146,0
DA:147,0
DA:148,0
DA:149,0
DA:150,0
DA:151,0
DA:152,0
DA:153,0
DA:154,0
DA:155,0
DA:156,0
DA:157,0
DA:158,0
DA:159,0
DA:162,0
DA:163,0
DA:164,0
DA:166,0
DA:167,0
DA:168,0
DA:169,0
DA:171,0
LF:66
LH:0
end_of_record
SF:lib\src\models\PecaEstoqueModel.dart
DA:13,0
DA:22,0
DA:23,0
DA:24,0
DA:25,0
DA:26,0
DA:28,0
DA:29,0
DA:30,0
DA:32,0
DA:33,0
DA:35,0
DA:39,0
DA:40,0
DA:41,0
DA:42,0
DA:43,0
DA:44,0
LF:18
LH:0
end_of_record
SF:lib\src\models\box_enderecamento_model.dart
DA:18,0
DA:32,0
DA:33,0
DA:34,0
DA:35,0
DA:36,0
DA:37,0
DA:38,0
DA:39,0
DA:40,0
DA:41,0
DA:42,0
DA:43,0
DA:48,0
DA:49,0
DA:51,0
DA:52,0
DA:53,0
DA:54,0
DA:55,0
DA:56,0
DA:57,0
DA:58,0
DA:63,0
DA:65,0
DA:66,0
DA:67,0
DA:68,0
DA:69,0
DA:70,0
LF:30
LH:0
end_of_record
SF:lib\src\models\asteca\asteca_end_cliente_model.dart
DA:15,0
DA:29,0
DA:30,0
DA:31,0
DA:32,0
DA:33,0
DA:34,0
DA:35,0
DA:36,0
DA:37,0
DA:38,0
DA:39,0
DA:40,0
DA:41,0
DA:44,0
DA:45,0
DA:46,0
DA:47,0
DA:48,0
DA:49,0
DA:50,0
DA:51,0
DA:52,0
DA:53,0
DA:54,0
DA:55,0
DA:56,0
DA:57,0
LF:28
LH:0
end_of_record
SF:lib\src\models\asteca\asteca_model.dart
DA:29,0
DA:45,0
DA:46,0
DA:47,0
DA:48,0
DA:49,0
DA:50,0
DA:51,0
DA:52,0
DA:53,0
DA:54,0
DA:55,0
DA:56,0
DA:57,0
DA:58,0
DA:59,0
DA:66,0
DA:67,0
DA:68,0
DA:69,0
DA:70,0
DA:72,0
DA:73,0
DA:75,0
DA:76,0
DA:77,0
DA:78,0
DA:79,0
DA:80,0
DA:81,0
DA:82,0
DA:83,0
DA:84,0
DA:86,0
DA:87,0
DA:88,0
DA:89,0
DA:90,0
DA:92,0
LF:39
LH:0
end_of_record
SF:lib\src\models\pedido_entrada_model.dart
DA:22,1
DA:36,0
DA:37,0
DA:38,0
DA:39,0
DA:40,0
DA:41,0
DA:42,0
DA:43,0
DA:44,0
DA:45,0
DA:46,0
DA:47,0
DA:49,0
DA:50,0
DA:51,0
DA:56,1
DA:57,1
DA:58,2
DA:59,2
DA:60,2
DA:63,2
DA:64,2
DA:65,2
LF:24
LH:9
end_of_record
SF:lib\src\models\pedido_saida_model.dart
DA:26,0
DA:43,0
DA:44,0
DA:45,0
DA:46,0
DA:47,0
DA:48,0
DA:49,0
DA:50,0
DA:51,0
DA:52,0
DA:53,0
DA:54,0
DA:55,0
DA:56,0
DA:57,0
DA:58,0
DA:59,0
DA:61,0
DA:62,0
DA:63,0
DA:64,0
DA:66,0
DA:67,0
DA:70,0
DA:71,0
DA:72,0
DA:73,0
DA:74,0
DA:75,0
DA:76,0
DA:77,0
DA:78,0
DA:79,0
DA:80,0
DA:81,0
DA:83,0
DA:84,0
LF:38
LH:0
end_of_record
SF:lib\src\models\asteca\asteca_motivo_model.dart
DA:5,0
DA:7,0
DA:8,0
DA:9,0
DA:10,0
DA:13,0
DA:14,0
DA:15,0
DA:16,0
LF:9
LH:0
end_of_record
SF:lib\src\models\asteca\asteca_pendencia_model.dart
DA:9,0
DA:12,0
DA:13,0
DA:14,0
DA:15,0
DA:17,0
DA:18,0
DA:20,0
DA:21,0
DA:25,0
DA:26,0
DA:27,0
DA:28,0
DA:29,0
DA:30,0
LF:15
LH:0
end_of_record
SF:lib\src\models\documento_fiscal_model.dart
DA:17,0
DA:30,0
DA:31,0
DA:32,0
DA:33,0
DA:34,0
DA:35,0
DA:36,0
DA:37,0
DA:38,0
DA:39,0
DA:40,0
DA:41,0
DA:43,0
DA:44,0
DA:46,0
DA:47,0
DA:51,0
DA:52,0
DA:53,0
DA:54,0
DA:55,0
DA:56,0
DA:57,0
DA:58,0
DA:59,0
DA:60,0
DA:61,0
DA:62,0
LF:29
LH:0
end_of_record
SF:lib\src\models\funcionario_model.dart
DA:7,0
DA:9,0
DA:10,0
DA:11,0
DA:14,0
DA:15,0
DA:16,0
DA:17,0
LF:8
LH:0
end_of_record
SF:lib\src\models\produto\comp_est_prod_model.dart
DA:7,0
DA:9,0
DA:10,0
DA:11,0
DA:12,0
DA:15,0
DA:16,0
DA:17,0
DA:18,0
LF:9
LH:0
end_of_record
SF:lib\src\models\asteca\asteca_tipo_pendencia_model.dart
DA:5,0
DA:7,0
DA:8,0
DA:9,0
DA:10,0
DA:14,0
DA:15,0
DA:16,0
DA:17,0
LF:9
LH:0
end_of_record
SF:lib\src\models\pecas_model\pecas_estoque_model.dart
DA:19,0
DA:33,0
DA:34,0
DA:35,0
DA:36,0
DA:37,0
DA:38,0
DA:39,0
DA:40,0
DA:41,0
DA:42,0
DA:43,0
DA:44,0
DA:45,0
DA:46,0
DA:50,0
DA:51,0
DA:53,0
DA:54,0
DA:55,0
DA:56,0
DA:57,0
DA:58,0
DA:59,0
DA:60,0
DA:61,0
LF:26
LH:0
end_of_record
SF:lib\src\models\prateleira_enderecamento_model.dart
DA:12,0
DA:19,0
DA:20,0
DA:21,0
DA:22,0
DA:23,0
DA:24,0
DA:26,0
DA:29,0
DA:30,0
DA:32,0
DA:33,0
DA:34,0
DA:35,0
LF:14
LH:0
end_of_record
SF:lib\src\models\caminhao_model.dart
DA:6,0
DA:12,0
DA:13,0
DA:14,0
DA:15,0
DA:18,0
DA:19,0
DA:20,0
DA:21,0
LF:9
LH:0
end_of_record
SF:lib\src\models\cancelamentoModel.dart
DA:5,0
LF:1
LH:0
end_of_record
SF:lib\src\models\cliente_func_model.dart
DA:8,0
DA:10,0
DA:11,0
DA:12,0
DA:13,0
DA:15,0
DA:16,0
DA:20,0
DA:21,0
DA:22,0
DA:23,0
DA:24,0
LF:12
LH:0
end_of_record
SF:lib\src\models\cliente_model.dart
DA:10,0
DA:18,0
DA:19,0
DA:20,0
DA:21,0
DA:22,0
DA:23,0
DA:26,0
DA:27,0
DA:28,0
DA:29,0
DA:30,0
DA:31,0
LF:13
LH:0
end_of_record
SF:lib\src\models\filial\end_cliente_model.dart
DA:12,0
DA:24,0
DA:25,0
DA:26,0
DA:27,0
DA:28,0
DA:29,0
DA:30,0
DA:31,0
DA:32,0
DA:33,0
DA:34,0
DA:38,0
DA:39,0
LF:14
LH:0
end_of_record
SF:lib\src\models\cliente_transp_model.dart
DA:10,0
DA:17,0
DA:18,0
DA:19,0
DA:20,0
DA:21,0
DA:24,0
DA:25,0
LF:8
LH:0
end_of_record
SF:lib\src\models\corredor_enderecamento_model.dart
DA:11,0
DA:18,0
DA:19,0
DA:20,0
DA:21,0
DA:22,0
DA:23,0
DA:25,0
DA:28,0
DA:29,0
DA:31,0
DA:32,0
DA:33,0
DA:34,0
LF:14
LH:0
end_of_record
SF:lib\src\models\estante_enderecamento_model.dart
DA:13,0
DA:21,0
DA:22,0
DA:23,0
DA:24,0
DA:25,0
DA:26,0
DA:27,0
DA:29,0
DA:32,0
DA:33,0
DA:35,0
DA:36,0
DA:37,0
DA:38,0
DA:39,0
DA:40,0
LF:17
LH:0
end_of_record
SF:lib\src\models\piso_enderecamento_model.dart
DA:9,0
DA:12,0
DA:13,0
DA:14,0
DA:15,0
DA:16,0
DA:19,0
DA:20,0
DA:22,0
DA:23,0
DA:24,0
LF:11
LH:0
end_of_record
SF:lib\src\models\departament_model.dart
DA:7,1
DA:15,0
DA:16,0
DA:17,0
DA:18,0
DA:19,0
DA:20,0
DA:21,0
DA:24,0
DA:25,0
DA:26,0
DA:27,0
DA:28,0
DA:29,0
DA:30,0
LF:15
LH:1
end_of_record
SF:lib\src\models\filial\cliente_filial_model.dart
DA:10,0
DA:13,0
DA:14,0
DA:15,0
DA:16,0
DA:17,0
DA:18,0
DA:20,0
DA:21,0
DA:26,0
DA:27,0
LF:11
LH:0
end_of_record
SF:lib\src\models\item_doc_fiscal_model.dart
DA:4,0
DA:6,0
DA:7,0
DA:10,0
DA:11,0
DA:12,0
LF:6
LH:0
end_of_record
SF:lib\src\models\entrada\item_movimento_entrada_model.dart
DA:14,0
DA:26,0
DA:27,0
DA:28,0
DA:29,0
DA:30,0
DA:31,0
DA:32,0
DA:33,0
DA:34,0
DA:37,0
DA:38,0
DA:42,0
DA:44,0
DA:45,0
DA:46,0
LF:16
LH:0
end_of_record
SF:lib\src\models\evento_status_model.dart
DA:7,0
DA:9,0
DA:10,0
DA:11,0
DA:12,0
DA:13,0
DA:16,0
DA:17,0
DA:18,0
DA:19,0
DA:20,0
DA:21,0
LF:12
LH:0
end_of_record
SF:lib\src\models\filial\filial_regional_model.dart
DA:9,0
DA:11,0
DA:12,0
DA:13,0
DA:14,0
DA:17,0
DA:18,0
DA:19,0
LF:8
LH:0
end_of_record
SF:lib\src\models\fornecedor_email_model.dart
DA:6,0
DA:8,0
DA:9,0
DA:10,0
DA:11,0
DA:14,0
DA:15,0
DA:16,0
DA:17,0
DA:18,0
LF:10
LH:0
end_of_record
SF:lib\src\models\func_motorista_model.dart
DA:9,0
DA:15,0
DA:16,0
DA:17,0
DA:18,0
DA:19,0
DA:20,0
DA:24,0
DA:25,0
DA:26,0
DA:27,0
DA:28,0
DA:29,0
DA:30,0
LF:14
LH:0
end_of_record
SF:lib\src\models\item_mapa_carga_model.dart
DA:11,0
DA:18,0
DA:19,0
DA:20,0
DA:21,0
DA:22,0
DA:23,0
DA:25,0
DA:26,0
DA:30,0
DA:31,0
DA:32,0
DA:33,0
DA:34,0
DA:35,0
DA:36,0
LF:16
LH:0
end_of_record
SF:lib\src\models\mapa_carga_model.dart
DA:30,0
DA:52,0
DA:53,0
DA:54,0
DA:55,0
DA:57,0
DA:58,0
DA:60,0
DA:61,0
DA:63,0
DA:64,0
DA:65,0
DA:66,0
DA:67,0
DA:68,0
DA:69,0
DA:70,0
DA:71,0
DA:73,0
DA:74,0
DA:76,0
DA:77,0
DA:79,0
DA:80,0
DA:82,0
DA:83,0
DA:84,0
DA:85,0
DA:88,0
DA:89,0
DA:90,0
DA:91,0
DA:96,0
DA:97,0
DA:98,0
DA:99,0
DA:100,0
DA:101,0
DA:102,0
DA:103,0
DA:104,0
DA:105,0
DA:106,0
DA:107,0
DA:108,0
DA:109,0
DA:110,0
LF:47
LH:0
end_of_record
SF:lib\src\models\item_pedido_saida_model.dart
DA:21,0
DA:34,0
DA:35,0
DA:36,0
DA:37,0
DA:38,0
DA:39,0
DA:40,0
DA:41,0
DA:42,0
DA:43,0
DA:44,0
DA:45,0
DA:49,0
DA:50,0
DA:51,0
DA:52,0
DA:53,0
DA:54,0
DA:55,0
DA:56,0
LF:21
LH:0
end_of_record
SF:lib\src\models\motivo_model.dart
DA:6,0
DA:8,0
DA:9,0
DA:10,0
DA:11,0
DA:12,0
DA:13,0
DA:17,0
DA:18,0
DA:19,0
DA:20,0
DA:21,0
LF:12
LH:0
end_of_record
SF:lib\src\models\mapa_carga_evento_model.dart
DA:13,0
DA:22,0
DA:23,0
DA:24,0
DA:25,0
DA:27,0
DA:28,0
DA:29,0
DA:30,0
DA:31,0
DA:33,0
DA:34,0
DA:38,0
DA:39,0
DA:40,0
DA:41,0
DA:42,0
DA:43,0
DA:44,0
LF:19
LH:0
end_of_record
SF:lib\src\models\motorista_model.dart
DA:19,0
DA:35,0
DA:36,0
DA:37,0
DA:38,0
DA:39,0
DA:40,0
DA:41,0
DA:42,0
DA:43,0
DA:44,0
DA:45,0
DA:46,0
DA:47,0
DA:48,0
DA:49,0
DA:50,0
DA:54,0
DA:55,0
DA:56,0
DA:57,0
DA:58,0
DA:59,0
DA:60,0
DA:61,0
DA:62,0
DA:63,0
DA:64,0
DA:65,0
DA:66,0
DA:67,0
DA:68,0
DA:69,0
DA:70,0
LF:34
LH:0
end_of_record
SF:lib\src\models\transportadora_model.dart
DA:9,0
DA:15,0
DA:16,0
DA:17,0
DA:18,0
DA:21,0
DA:22,0
DA:23,0
DA:24,0
LF:9
LH:0
end_of_record
SF:lib\src\models\pecas_model\pecas_cor_model.dart
DA:7,0
DA:14,0
DA:15,0
DA:16,0
DA:17,0
DA:18,0
DA:19,0
DA:23,0
DA:24,0
DA:27,0
DA:28,0
DA:29,0
LF:12
LH:0
end_of_record
SF:lib\src\models\pecas_model\pecas_especie_model.dart
DA:11,0
DA:19,0
DA:20,0
DA:21,0
DA:22,0
DA:23,0
DA:24,0
DA:25,0
DA:27,0
DA:31,0
DA:32,0
DA:35,0
DA:37,0
LF:13
LH:0
end_of_record
SF:lib\src\models\pecas_model\pecas_material_model.dart
DA:12,0
DA:21,0
DA:22,0
DA:23,0
DA:24,0
DA:25,0
DA:26,0
DA:27,0
DA:28,0
DA:30,0
DA:34,0
DA:35,0
DA:37,0
DA:38,0
DA:39,0
DA:40,0
DA:41,0
LF:17
LH:0
end_of_record
SF:lib\src\models\produto\produto_model.dart
DA:20,0
DA:32,0
DA:33,0
DA:34,0
DA:35,0
DA:37,0
DA:42,0
DA:43,0
DA:44,0
DA:45,0
DA:47,0
DA:48,0
DA:49,0
DA:50,0
DA:52,0
DA:56,0
DA:57,0
DA:58,0
DA:59,0
LF:19
LH:0
end_of_record
SF:lib\src\models\produto_peca_model.dart
DA:14,0
DA:24,0
DA:25,0
DA:26,0
DA:27,0
DA:28,0
DA:29,0
DA:30,0
DA:31,0
DA:32,0
DA:33,0
DA:36,0
DA:37,0
DA:38,0
DA:39,0
DA:41,0
DA:42,0
DA:44,0
LF:18
LH:0
end_of_record
SF:lib\src\models\pecas_model\pecas_linha_model.dart
DA:10,0
DA:17,0
DA:22,0
DA:23,0
DA:24,0
DA:25,0
DA:26,0
DA:27,0
DA:28,0
DA:29,0
DA:43,0
DA:44,0
DA:47,0
LF:13
LH:0
end_of_record
SF:lib\src\models\pecas_model\pecas_grupo_model.dart
DA:10,0
DA:17,0
DA:18,0
DA:19,0
DA:20,0
DA:21,0
DA:22,0
DA:23,0
DA:24,0
DA:25,0
DA:30,0
DA:31,0
DA:33,0
DA:34,0
LF:14
LH:0
end_of_record
SF:lib\src\models\pedido_saida_evento_model.dart
DA:13,0
DA:22,0
DA:23,0
DA:24,0
DA:25,0
DA:26,0
DA:27,0
DA:28,0
DA:29,0
DA:32,0
DA:33,0
DA:34,0
DA:35,0
DA:36,0
DA:37,0
DA:38,0
DA:39,0
LF:17
LH:0
end_of_record
SF:lib\src\models\produto\cod_fornecedor_model.dart
DA:9,0
DA:14,0
DA:15,0
DA:16,0
DA:17,0
DA:21,0
DA:22,0
LF:7
LH:0
end_of_record
SF:lib\src\models\produto\fornecedor_model.dart
DA:9,0
DA:11,0
DA:12,0
DA:13,0
DA:14,0
DA:16,0
DA:17,0
DA:21,0
DA:22,0
DA:23,0
DA:24,0
DA:25,0
DA:27,0
DA:28,0
LF:14
LH:0
end_of_record
SF:lib\src\repositories\AstecaRepository.dart
DA:16,1
DA:17,2
DA:20,1
DA:28,1
DA:29,1
DA:32,0
DA:34,0
DA:35,0
DA:36,2
DA:39,3
DA:41,0
DA:42,0
DA:44,0
DA:47,0
DA:48,0
DA:50,0
DA:55,0
DA:63,0
DA:64,0
DA:67,0
DA:68,0
DA:69,0
DA:74,0
DA:76,0
DA:78,0
DA:79,0
DA:81,0
DA:84,0
DA:85,0
DA:87,0
DA:92,0
DA:93,0
DA:95,0
DA:96,0
DA:98,0
DA:100,0
DA:105,0
DA:106,0
DA:108,0
DA:109,0
DA:111,0
DA:112,0
DA:113,0
DA:116,0
DA:125,0
DA:126,0
DA:129,0
DA:130,0
DA:132,0
DA:133,0
DA:136,0
DA:139,0
DA:144,0
DA:145,0
DA:147,0
DA:150,0
LF:56
LH:7
end_of_record
SF:lib\src\shared\components\ButtonComponent.dart
DA:13,0
DA:20,0
DA:22,0
DA:23,0
DA:29,0
DA:30,0
DA:31,0
DA:32,0
DA:34,0
DA:37,0
DA:38,0
DA:40,0
DA:45,0
DA:47,0
DA:48,0
DA:49,0
DA:50,0
DA:51,0
DA:52,0
DA:55,0
DA:56,0
DA:57,0
DA:60,0
DA:61,0
DA:62,0
DA:63,0
DA:64,0
DA:65,0
DA:70,0
DA:71,0
DA:72,0
DA:73,0
DA:86,0
DA:87,0
DA:88,0
DA:89,0
DA:90,0
DA:91,0
DA:94,0
DA:95,0
DA:96,0
DA:99,0
DA:100,0
DA:101,0
DA:104,0
DA:105,0
DA:106,0
DA:109,0
DA:110,0
DA:111,0
DA:112,0
DA:113,0
DA:114,0
DA:119,0
DA:120,0
DA:121,0
DA:122,0
LF:57
LH:0
end_of_record
SF:lib\src\shared\components\TextComponent.dart
DA:11,0
DA:19,0
DA:21,0
DA:23,0
DA:24,0
DA:25,0
DA:26,0
DA:27,0
DA:28,0
DA:29,0
DA:30,0
DA:31,0
DA:32,0
LF:13
LH:0
end_of_record
SF:lib\src\shared\repositories\styles.dart
DA:4,0
DA:9,0
DA:14,0
DA:19,0
DA:20,0
DA:22,0
DA:25,0
DA:26,0
DA:29,0
DA:30,0
DA:31,0
DA:32,0
DA:34,0
DA:35,0
DA:37,0
DA:38,0
DA:39,0
DA:41,0
DA:42,0
DA:45,0
DA:46,0
DA:47,0
DA:50,0
DA:53,0
DA:59,0
DA:60,0
DA:61,0
DA:62,0
DA:63,0
DA:64,0
DA:65,0
DA:66,0
DA:74,0
LF:33
LH:0
end_of_record
SF:lib\src\shared\components\InputComponent.dart
DA:31,0
DA:55,0
DA:57,0
DA:59,0
DA:60,0
DA:61,0
DA:62,0
DA:64,0
DA:65,0
DA:66,0
DA:67,0
DA:68,0
DA:69,0
DA:71,0
DA:75,0
DA:76,0
DA:77,0
DA:78,0
DA:79,0
DA:80,0
DA:81,0
DA:82,0
DA:83,0
DA:84,0
DA:85,0
DA:86,0
DA:87,0
DA:89,0
DA:90,0
DA:92,0
DA:93,0
DA:95,0
DA:96,0
DA:97,0
DA:100,0
DA:101,0
DA:103,0
DA:108,0
DA:109,0
DA:110,0
DA:111,0
DA:112,0
DA:113,0
DA:114,0
DA:115,0
DA:117,0
DA:120,0
DA:121,0
DA:122,0
DA:127,0
DA:128,0
DA:129,0
DA:130,0
DA:131,0
DA:132,0
DA:133,0
DA:134,0
DA:135,0
DA:136,0
DA:137,0
DA:138,0
DA:140,0
DA:141,0
DA:143,0
DA:144,0
DA:146,0
DA:147,0
DA:148,0
DA:151,0
DA:152,0
DA:154,0
DA:159,0
DA:160,0
DA:161,0
DA:163,0
DA:164,0
DA:165,0
DA:166,0
DA:168,0
DA:171,0
DA:172,0
LF:81
LH:0
end_of_record
SF:lib\src\shared\components\TextButtonComponent.dart
DA:8,0
DA:12,0
DA:14,0
DA:15,0
DA:19,0
DA:21,0
DA:22,0
DA:23,0
DA:25,0
DA:26,0
DA:27,0
LF:11
LH:0
end_of_record
SF:lib\src\shared\components\TitleComponent.dart
DA:7,0
DA:11,0
DA:13,0
DA:15,0
DA:16,0
DA:17,0
DA:18,0
DA:19,0
DA:20,0
LF:9
LH:0
end_of_record
SF:lib\src\shared\components\loading_view.dart
DA:5,0
DA:7,0
DA:9,0
DA:11,0
DA:13,0
DA:14,0
DA:17,0
DA:18,0
LF:8
LH:0
end_of_record
SF:lib\src\views\autenticacao\AutenticacaoView.dart
DA:19,0
DA:21,0
DA:23,0
DA:24,0
DA:31,0
DA:33,0
DA:36,0
DA:39,0
DA:40,0
DA:41,0
DA:45,0
DA:47,0
DA:48,0
DA:49,0
DA:52,0
DA:55,0
DA:60,0
DA:61,0
DA:62,0
DA:63,0
DA:65,0
DA:66,0
DA:68,0
DA:69,0
DA:71,0
DA:72,0
DA:74,0
DA:75,0
DA:77,0
DA:78,0
DA:81,0
DA:82,0
DA:87,0
DA:90,0
DA:91,0
DA:92,0
DA:94,0
DA:95,0
DA:98,0
DA:99,0
DA:100,0
DA:111,0
DA:112,0
DA:113,0
DA:114,0
DA:115,0
DA:116,0
DA:117,0
DA:129,0
DA:131,0
DA:133,0
DA:134,0
DA:178,0
DA:179,0
DA:180,0
DA:181,0
DA:182,0
DA:183,0
DA:184,0
DA:185,0
DA:187,0
DA:188,0
DA:190,0
DA:192,0
DA:194,0
DA:195,0
DA:198,0
DA:199,0
DA:202,0
DA:203,0
DA:204,0
DA:217,0
DA:218,0
DA:219,0
DA:222,0
DA:223,0
DA:224,0
DA:225,0
DA:226,0
DA:227,0
DA:228,0
DA:230,0
DA:233,0
DA:234,0
DA:238,0
DA:240,0
DA:245,0
DA:248,0
DA:250,0
DA:251,0
DA:255,0
DA:258,0
DA:267,0
DA:268,0
DA:270,0
DA:272,0
DA:273,0
DA:279,0
DA:281,0
LF:99
LH:0
end_of_record
SF:lib\src\utils\notificacao.dart
DA:9,0
DA:10,0
DA:11,0
DA:16,0
DA:18,0
DA:21,0
DA:22,0
DA:23,0
DA:24,0
DA:25,0
DA:26,0
DA:27,0
DA:29,0
DA:30,0
DA:31,0
DA:32,0
DA:36,0
DA:39,0
DA:40,0
DA:41,0
DA:54,0
DA:56,0
DA:57,0
DA:60,0
DA:62,0
DA:63,0
DA:65,0
DA:68,0
DA:70,0
DA:71,0
DA:75,0
DA:77,0
DA:79,0
DA:81,0
DA:84,0
DA:89,6
LF:36
LH:1
end_of_record
SF:lib\src\repositories\DepartamentoRepository.dart
DA:15,1
DA:16,2
DA:21,0
DA:22,0
DA:24,0
DA:25,0
DA:27,0
DA:29,0
DA:33,1
DA:34,4
DA:36,0
DA:37,0
DA:40,0
DA:41,0
DA:44,0
DA:49,1
DA:51,4
DA:52,2
DA:54,0
DA:55,0
DA:57,0
DA:58,0
DA:59,0
DA:60,0
DA:63,0
DA:68,1
DA:71,3
DA:72,1
DA:74,3
DA:75,1
DA:76,2
DA:79,0
DA:82,0
DA:87,0
DA:88,0
DA:90,0
DA:93,0
DA:94,0
DA:98,0
DA:99,0
DA:100,0
DA:103,0
DA:106,0
DA:107,0
DA:111,0
DA:112,0
DA:113,0
DA:114,0
DA:116,0
DA:119,0
LF:50
LH:13
end_of_record
SF:lib\src\shared\exceptions\departament_exception.dart
DA:4,0
DA:6,0
DA:10,0
LF:3
LH:0
end_of_record
SF:lib\src\shared\exceptions\funcionalities_exception.dart
DA:4,0
DA:6,0
DA:10,0
LF:3
LH:0
end_of_record
SF:lib\src\repositories\pedido_entrada_repository.dart
DA:12,1
DA:13,2
DA:16,1
DA:22,1
DA:23,1
DA:24,0
DA:25,0
DA:26,0
DA:27,0
DA:28,0
DA:32,3
DA:34,0
DA:35,0
DA:37,0
DA:38,0
DA:39,0
DA:41,0
DA:42,0
DA:44,0
DA:49,0
DA:54,0
DA:55,0
DA:56,0
DA:57,0
DA:61,0
DA:63,0
DA:64,0
DA:67,0
DA:68,0
DA:73,0
DA:78,1
DA:79,5
DA:81,0
DA:82,0
DA:84,0
DA:87,0
DA:92,1
DA:94,4
DA:96,0
DA:97,0
DA:99,0
DA:103,0
DA:111,0
DA:113,0
DA:114,0
DA:115,0
DA:116,0
DA:117,0
DA:120,0
DA:121,0
DA:122,0
DA:123,0
DA:128,0
DA:133,0
DA:134,0
DA:135,0
DA:138,0
DA:139,0
DA:142,0
DA:143,0
DA:145,0
DA:146,0
DA:149,0
DA:150,0
DA:154,0
DA:159,0
DA:164,0
DA:165,0
DA:166,0
DA:169,0
DA:170,0
DA:173,0
DA:174,0
DA:177,0
DA:178,0
DA:186,0
LF:76
LH:10
end_of_record
SF:lib\src\repositories\funcionalidade_repository.dart
DA:12,1
DA:13,2
DA:16,0
DA:17,0
DA:19,0
DA:20,0
DA:22,0
DA:24,0
DA:28,1
DA:29,3
DA:31,0
DA:32,0
DA:35,0
DA:36,0
DA:37,0
DA:41,0
DA:46,1
DA:48,4
DA:50,0
DA:53,0
DA:57,1
DA:58,3
DA:59,3
DA:60,1
DA:62,0
DA:65,0
DA:69,1
DA:70,3
DA:71,3
DA:74,0
DA:77,0
LF:31
LH:13
end_of_record
SF:lib\src\repositories\SubFuncionalidadeRepository.dart
DA:14,1
DA:15,2
DA:18,1
DA:20,5
DA:22,0
DA:23,0
DA:26,0
DA:27,0
DA:28,0
DA:32,0
DA:36,1
DA:38,3
DA:39,2
DA:41,2
DA:44,1
DA:48,1
DA:49,3
DA:50,1
DA:51,2
DA:52,1
DA:54,2
DA:57,1
DA:61,0
DA:63,0
DA:64,0
DA:67,0
DA:70,0
DA:71,0
LF:28
LH:16
end_of_record
SF:lib\src\shared\exceptions\subfuncionalities_exception.dart
DA:4,1
DA:6,1
DA:10,1
LF:3
LH:3
end_of_record
